<?xml version="1.0" encoding="UTF-8"?>
<testsuite name="com.toy.api.springboot.web.IndexControllerTest" tests="1" skipped="0" failures="0" errors="0" timestamp="2021-04-07T07:44:52" hostname="DESKTOP-HT89HTC" time="0.081">
  <properties/>
  <testcase name="메인페이지_로딩" classname="com.toy.api.springboot.web.IndexControllerTest" time="0.081"/>
  <system-out><![CDATA[2021-04-07 16:44:52.115  INFO 77672 --- [    Test worker] .b.t.c.SpringBootTestContextBootstrapper : Neither @ContextConfiguration nor @ContextHierarchy found for test class [com.toy.api.springboot.web.IndexControllerTest], using SpringBootContextLoader
2021-04-07 16:44:52.116  INFO 77672 --- [    Test worker] o.s.t.c.support.AbstractContextLoader    : Could not detect default resource locations for test class [com.toy.api.springboot.web.IndexControllerTest]: no resource found for suffixes {-context.xml, Context.groovy}.
2021-04-07 16:44:52.116  INFO 77672 --- [    Test worker] t.c.s.AnnotationConfigContextLoaderUtils : Could not detect default configuration classes for test class [com.toy.api.springboot.web.IndexControllerTest]: IndexControllerTest does not declare any static, non-private, non-final, nested classes annotated with @Configuration.
2021-04-07 16:44:52.117  INFO 77672 --- [    Test worker] .b.t.c.SpringBootTestContextBootstrapper : Found @SpringBootConfiguration com.toy.api.springboot.Application for test class com.toy.api.springboot.web.IndexControllerTest
2021-04-07 16:44:52.118  INFO 77672 --- [    Test worker] .b.t.c.SpringBootTestContextBootstrapper : Loaded default TestExecutionListener class names from location [META-INF/spring.factories]: [org.springframework.security.test.context.support.WithSecurityContextTestExecutionListener, org.springframework.security.test.context.support.ReactorContextTestExecutionListener, org.springframework.boot.test.autoconfigure.restdocs.RestDocsTestExecutionListener, org.springframework.boot.test.autoconfigure.web.client.MockRestServiceServerResetTestExecutionListener, org.springframework.boot.test.autoconfigure.web.servlet.MockMvcPrintOnlyOnFailureTestExecutionListener, org.springframework.boot.test.autoconfigure.web.servlet.WebDriverTestExecutionListener, org.springframework.boot.test.mock.mockito.MockitoTestExecutionListener, org.springframework.boot.test.mock.mockito.ResetMocksTestExecutionListener, org.springframework.test.context.web.ServletTestExecutionListener, org.springframework.test.context.support.DirtiesContextBeforeModesTestExecutionListener, org.springframework.test.context.support.DependencyInjectionTestExecutionListener, org.springframework.test.context.support.DirtiesContextTestExecutionListener, org.springframework.test.context.transaction.TransactionalTestExecutionListener, org.springframework.test.context.jdbc.SqlScriptsTestExecutionListener]
2021-04-07 16:44:52.119  INFO 77672 --- [    Test worker] .b.t.c.SpringBootTestContextBootstrapper : Using TestExecutionListeners: [org.springframework.test.context.web.ServletTestExecutionListener@28435136, org.springframework.test.context.support.DirtiesContextBeforeModesTestExecutionListener@38c2a8c, org.springframework.boot.test.mock.mockito.MockitoTestExecutionListener@75d60073, org.springframework.boot.test.autoconfigure.SpringBootDependencyInjectionTestExecutionListener@6fde5f0e, org.springframework.test.context.support.DirtiesContextTestExecutionListener@5d267922, org.springframework.test.context.transaction.TransactionalTestExecutionListener@3f9ce040, org.springframework.test.context.jdbc.SqlScriptsTestExecutionListener@7a8caa58, org.springframework.security.test.context.support.WithSecurityContextTestExecutionListener@6737bc28, org.springframework.security.test.context.support.ReactorContextTestExecutionListener@9b63685, org.springframework.boot.test.autoconfigure.restdocs.RestDocsTestExecutionListener@51f04913, org.springframework.boot.test.autoconfigure.web.client.MockRestServiceServerResetTestExecutionListener@4eb1e71f, org.springframework.boot.test.autoconfigure.web.servlet.MockMvcPrintOnlyOnFailureTestExecutionListener@14bdc41d, org.springframework.boot.test.autoconfigure.web.servlet.WebDriverTestExecutionListener@2c07ca11, org.springframework.boot.test.mock.mockito.ResetMocksTestExecutionListener@7feca653]
Hibernate: 
    /* SELECT
        p 
    FROM
        Posts p 
    ORDER BY
        p.id DESC */ select
            posts0_.id as id1_0_,
            posts0_.created_date as created_2_0_,
            posts0_.modified_date as modified3_0_,
            posts0_.author as author4_0_,
            posts0_.content as content5_0_,
            posts0_.title as title6_0_ 
        from
            posts posts0_ 
        order by
            posts0_.id DESC
]]></system-out>
  <system-err><![CDATA[]]></system-err>
</testsuite>
