<?xml version="1.0" encoding="UTF-8"?>
<testsuite name="com.toy.api.springboot.HelloControllerTest" tests="2" skipped="0" failures="0" errors="0" timestamp="2021-04-26T07:56:12" hostname="DESKTOP-HT89HTC" time="0.118">
  <properties/>
  <testcase name="hello가_리턴된다" classname="com.toy.api.springboot.HelloControllerTest" time="0.049"/>
  <testcase name="helloDto가_리턴된다" classname="com.toy.api.springboot.HelloControllerTest" time="0.068"/>
  <system-out><![CDATA[2021-04-26 16:56:11.961  INFO 37240 --- [    Test worker] .b.t.a.w.s.WebMvcTestContextBootstrapper : Neither @ContextConfiguration nor @ContextHierarchy found for test class [com.toy.api.springboot.HelloControllerTest], using SpringBootContextLoader
2021-04-26 16:56:11.962  INFO 37240 --- [    Test worker] o.s.t.c.support.AbstractContextLoader    : Could not detect default resource locations for test class [com.toy.api.springboot.HelloControllerTest]: no resource found for suffixes {-context.xml, Context.groovy}.
2021-04-26 16:56:11.962  INFO 37240 --- [    Test worker] t.c.s.AnnotationConfigContextLoaderUtils : Could not detect default configuration classes for test class [com.toy.api.springboot.HelloControllerTest]: HelloControllerTest does not declare any static, non-private, non-final, nested classes annotated with @Configuration.
2021-04-26 16:56:11.979  INFO 37240 --- [    Test worker] .b.t.c.SpringBootTestContextBootstrapper : Found @SpringBootConfiguration com.toy.api.springboot.Application for test class com.toy.api.springboot.HelloControllerTest
2021-04-26 16:56:11.979  INFO 37240 --- [    Test worker] .b.t.a.w.s.WebMvcTestContextBootstrapper : Loaded default TestExecutionListener class names from location [META-INF/spring.factories]: [org.springframework.security.test.context.support.WithSecurityContextTestExecutionListener, org.springframework.security.test.context.support.ReactorContextTestExecutionListener, org.springframework.boot.test.autoconfigure.restdocs.RestDocsTestExecutionListener, org.springframework.boot.test.autoconfigure.web.client.MockRestServiceServerResetTestExecutionListener, org.springframework.boot.test.autoconfigure.web.servlet.MockMvcPrintOnlyOnFailureTestExecutionListener, org.springframework.boot.test.autoconfigure.web.servlet.WebDriverTestExecutionListener, org.springframework.boot.test.mock.mockito.MockitoTestExecutionListener, org.springframework.boot.test.mock.mockito.ResetMocksTestExecutionListener, org.springframework.test.context.web.ServletTestExecutionListener, org.springframework.test.context.support.DirtiesContextBeforeModesTestExecutionListener, org.springframework.test.context.support.DependencyInjectionTestExecutionListener, org.springframework.test.context.support.DirtiesContextTestExecutionListener, org.springframework.test.context.transaction.TransactionalTestExecutionListener, org.springframework.test.context.jdbc.SqlScriptsTestExecutionListener]
2021-04-26 16:56:11.980  INFO 37240 --- [    Test worker] .b.t.a.w.s.WebMvcTestContextBootstrapper : Using TestExecutionListeners: [org.springframework.test.context.web.ServletTestExecutionListener@16cbf0e7, org.springframework.test.context.support.DirtiesContextBeforeModesTestExecutionListener@3023fe20, org.springframework.boot.test.mock.mockito.MockitoTestExecutionListener@75d82ed9, org.springframework.boot.test.autoconfigure.SpringBootDependencyInjectionTestExecutionListener@d783a8e, org.springframework.test.context.support.DirtiesContextTestExecutionListener@44fdaf0e, org.springframework.test.context.transaction.TransactionalTestExecutionListener@6b008b4f, org.springframework.test.context.jdbc.SqlScriptsTestExecutionListener@5f1ace10, org.springframework.security.test.context.support.WithSecurityContextTestExecutionListener@13fa3337, org.springframework.security.test.context.support.ReactorContextTestExecutionListener@3ad67b99, org.springframework.boot.test.autoconfigure.restdocs.RestDocsTestExecutionListener@55e3d57f, org.springframework.boot.test.autoconfigure.web.client.MockRestServiceServerResetTestExecutionListener@5c80fb9d, org.springframework.boot.test.autoconfigure.web.servlet.MockMvcPrintOnlyOnFailureTestExecutionListener@1ea118b1, org.springframework.boot.test.autoconfigure.web.servlet.WebDriverTestExecutionListener@1722a24f, org.springframework.boot.test.mock.mockito.ResetMocksTestExecutionListener@5c21d5f9]

  .   ____          _            __ _ _
 /\\ / ___'_ __ _ _(_)_ __  __ _ \ \ \ \
( ( )\___ | '_ | '_| | '_ \/ _` | \ \ \ \
 \\/  ___)| |_)| | | | | || (_| |  ) ) ) )
  '  |____| .__|_| |_|_| |_\__, | / / / /
 =========|_|==============|___/=/_/_/_/
 :: Spring Boot ::        (v2.1.7.RELEASE)

2021-04-26 16:56:12.015  INFO 37240 --- [    Test worker] c.t.api.springboot.HelloControllerTest   : Starting HelloControllerTest on DESKTOP-HT89HTC with PID 37240 (started by YHM in C:\Users\YHM\IdeaProjects\springboot-toy-api)
2021-04-26 16:56:12.015  INFO 37240 --- [    Test worker] c.t.api.springboot.HelloControllerTest   : The following profiles are active: oauth
2021-04-26 16:56:12.455  INFO 37240 --- [    Test worker] o.s.s.concurrent.ThreadPoolTaskExecutor  : Initializing ExecutorService 'applicationTaskExecutor'
2021-04-26 16:56:12.478  INFO 37240 --- [    Test worker] o.s.b.a.w.s.WelcomePageHandlerMapping    : Adding welcome page template: index
2021-04-26 16:56:12.642  INFO 37240 --- [    Test worker] .s.s.UserDetailsServiceAutoConfiguration : 

Using generated security password: 3e5fe364-6a69-4cb2-bd53-ecfe56b0dd52

2021-04-26 16:56:12.746  INFO 37240 --- [    Test worker] o.s.s.web.DefaultSecurityFilterChain     : Creating filter chain: any request, [org.springframework.security.web.context.request.async.WebAsyncManagerIntegrationFilter@3517d926, org.springframework.security.web.context.SecurityContextPersistenceFilter@3b1f6940, org.springframework.security.web.header.HeaderWriterFilter@39a1af4f, org.springframework.security.web.csrf.CsrfFilter@2be9b895, org.springframework.security.web.authentication.logout.LogoutFilter@655e7cbd, org.springframework.security.web.authentication.UsernamePasswordAuthenticationFilter@721a7a74, org.springframework.security.web.authentication.ui.DefaultLoginPageGeneratingFilter@69da3f8d, org.springframework.security.web.authentication.ui.DefaultLogoutPageGeneratingFilter@419feccc, org.springframework.security.web.authentication.www.BasicAuthenticationFilter@72aceed1, org.springframework.security.web.savedrequest.RequestCacheAwareFilter@567b1513, org.springframework.security.web.servletapi.SecurityContextHolderAwareRequestFilter@62941344, org.springframework.security.web.authentication.AnonymousAuthenticationFilter@54d05848, org.springframework.security.web.session.SessionManagementFilter@5fea95fe, org.springframework.security.web.access.ExceptionTranslationFilter@161f72d2, org.springframework.security.web.access.intercept.FilterSecurityInterceptor@2f09d038]
2021-04-26 16:56:12.773  INFO 37240 --- [    Test worker] o.s.b.t.m.w.SpringBootMockServletContext : Initializing Spring TestDispatcherServlet ''
2021-04-26 16:56:12.774  INFO 37240 --- [    Test worker] o.s.t.web.servlet.TestDispatcherServlet  : Initializing Servlet ''
2021-04-26 16:56:12.786  INFO 37240 --- [    Test worker] o.s.t.web.servlet.TestDispatcherServlet  : Completed initialization in 12 ms
2021-04-26 16:56:12.807  INFO 37240 --- [    Test worker] c.t.api.springboot.HelloControllerTest   : Started HelloControllerTest in 0.825 seconds (JVM running for 6.75)
]]></system-out>
  <system-err><![CDATA[]]></system-err>
</testsuite>
