<?xml version="1.0" encoding="UTF-8"?>
<testsuite name="com.toy.api.springboot.HelloControllerTest" tests="2" skipped="0" failures="0" errors="0" timestamp="2021-04-26T06:50:24" hostname="DESKTOP-HT89HTC" time="0.112">
  <properties/>
  <testcase name="hello가_리턴된다" classname="com.toy.api.springboot.HelloControllerTest" time="0.046"/>
  <testcase name="helloDto가_리턴된다" classname="com.toy.api.springboot.HelloControllerTest" time="0.065"/>
  <system-out><![CDATA[2021-04-26 15:50:23.265  INFO 26904 --- [    Test worker] .b.t.a.w.s.WebMvcTestContextBootstrapper : Neither @ContextConfiguration nor @ContextHierarchy found for test class [com.toy.api.springboot.HelloControllerTest], using SpringBootContextLoader
2021-04-26 15:50:23.266  INFO 26904 --- [    Test worker] o.s.t.c.support.AbstractContextLoader    : Could not detect default resource locations for test class [com.toy.api.springboot.HelloControllerTest]: no resource found for suffixes {-context.xml, Context.groovy}.
2021-04-26 15:50:23.266  INFO 26904 --- [    Test worker] t.c.s.AnnotationConfigContextLoaderUtils : Could not detect default configuration classes for test class [com.toy.api.springboot.HelloControllerTest]: HelloControllerTest does not declare any static, non-private, non-final, nested classes annotated with @Configuration.
2021-04-26 15:50:23.283  INFO 26904 --- [    Test worker] .b.t.c.SpringBootTestContextBootstrapper : Found @SpringBootConfiguration com.toy.api.springboot.Application for test class com.toy.api.springboot.HelloControllerTest
2021-04-26 15:50:23.283  INFO 26904 --- [    Test worker] .b.t.a.w.s.WebMvcTestContextBootstrapper : Loaded default TestExecutionListener class names from location [META-INF/spring.factories]: [org.springframework.security.test.context.support.WithSecurityContextTestExecutionListener, org.springframework.security.test.context.support.ReactorContextTestExecutionListener, org.springframework.boot.test.autoconfigure.restdocs.RestDocsTestExecutionListener, org.springframework.boot.test.autoconfigure.web.client.MockRestServiceServerResetTestExecutionListener, org.springframework.boot.test.autoconfigure.web.servlet.MockMvcPrintOnlyOnFailureTestExecutionListener, org.springframework.boot.test.autoconfigure.web.servlet.WebDriverTestExecutionListener, org.springframework.boot.test.mock.mockito.MockitoTestExecutionListener, org.springframework.boot.test.mock.mockito.ResetMocksTestExecutionListener, org.springframework.test.context.web.ServletTestExecutionListener, org.springframework.test.context.support.DirtiesContextBeforeModesTestExecutionListener, org.springframework.test.context.support.DependencyInjectionTestExecutionListener, org.springframework.test.context.support.DirtiesContextTestExecutionListener, org.springframework.test.context.transaction.TransactionalTestExecutionListener, org.springframework.test.context.jdbc.SqlScriptsTestExecutionListener]
2021-04-26 15:50:23.284  INFO 26904 --- [    Test worker] .b.t.a.w.s.WebMvcTestContextBootstrapper : Using TestExecutionListeners: [org.springframework.test.context.web.ServletTestExecutionListener@722ec81d, org.springframework.test.context.support.DirtiesContextBeforeModesTestExecutionListener@ce6a11a, org.springframework.boot.test.mock.mockito.MockitoTestExecutionListener@51fef905, org.springframework.boot.test.autoconfigure.SpringBootDependencyInjectionTestExecutionListener@5c71186a, org.springframework.test.context.support.DirtiesContextTestExecutionListener@589b5dd9, org.springframework.test.context.transaction.TransactionalTestExecutionListener@61ccd9a1, org.springframework.test.context.jdbc.SqlScriptsTestExecutionListener@47dc324c, org.springframework.security.test.context.support.WithSecurityContextTestExecutionListener@13bac095, org.springframework.security.test.context.support.ReactorContextTestExecutionListener@11cd32ae, org.springframework.boot.test.autoconfigure.restdocs.RestDocsTestExecutionListener@16cbf0e7, org.springframework.boot.test.autoconfigure.web.client.MockRestServiceServerResetTestExecutionListener@3023fe20, org.springframework.boot.test.autoconfigure.web.servlet.MockMvcPrintOnlyOnFailureTestExecutionListener@75d82ed9, org.springframework.boot.test.autoconfigure.web.servlet.WebDriverTestExecutionListener@d783a8e, org.springframework.boot.test.mock.mockito.ResetMocksTestExecutionListener@44fdaf0e]

  .   ____          _            __ _ _
 /\\ / ___'_ __ _ _(_)_ __  __ _ \ \ \ \
( ( )\___ | '_ | '_| | '_ \/ _` | \ \ \ \
 \\/  ___)| |_)| | | | | || (_| |  ) ) ) )
  '  |____| .__|_| |_|_| |_\__, | / / / /
 =========|_|==============|___/=/_/_/_/
 :: Spring Boot ::        (v2.1.7.RELEASE)

2021-04-26 15:50:23.318  INFO 26904 --- [    Test worker] c.t.api.springboot.HelloControllerTest   : Starting HelloControllerTest on DESKTOP-HT89HTC with PID 26904 (started by YHM in C:\Users\YHM\IdeaProjects\springboot-toy-api)
2021-04-26 15:50:23.318  INFO 26904 --- [    Test worker] c.t.api.springboot.HelloControllerTest   : The following profiles are active: oauth
2021-04-26 15:50:23.743  INFO 26904 --- [    Test worker] o.s.s.concurrent.ThreadPoolTaskExecutor  : Initializing ExecutorService 'applicationTaskExecutor'
2021-04-26 15:50:23.766  INFO 26904 --- [    Test worker] o.s.b.a.w.s.WelcomePageHandlerMapping    : Adding welcome page template: index
2021-04-26 15:50:23.927  INFO 26904 --- [    Test worker] .s.s.UserDetailsServiceAutoConfiguration : 

Using generated security password: 9c0eaede-9cfe-4bff-ad33-cebbc1666b87

2021-04-26 15:50:24.022  INFO 26904 --- [    Test worker] o.s.s.web.DefaultSecurityFilterChain     : Creating filter chain: any request, [org.springframework.security.web.context.request.async.WebAsyncManagerIntegrationFilter@c2a571d, org.springframework.security.web.context.SecurityContextPersistenceFilter@2bc438c9, org.springframework.security.web.header.HeaderWriterFilter@45575019, org.springframework.security.web.csrf.CsrfFilter@3ed85389, org.springframework.security.web.authentication.logout.LogoutFilter@161f72d2, org.springframework.security.web.authentication.UsernamePasswordAuthenticationFilter@62941344, org.springframework.security.web.authentication.ui.DefaultLoginPageGeneratingFilter@21e1ce10, org.springframework.security.web.authentication.ui.DefaultLogoutPageGeneratingFilter@3924e835, org.springframework.security.web.authentication.www.BasicAuthenticationFilter@655e7cbd, org.springframework.security.web.savedrequest.RequestCacheAwareFilter@1f5ec75a, org.springframework.security.web.servletapi.SecurityContextHolderAwareRequestFilter@60f68b30, org.springframework.security.web.authentication.AnonymousAuthenticationFilter@2f09d038, org.springframework.security.web.session.SessionManagementFilter@39ef1721, org.springframework.security.web.access.ExceptionTranslationFilter@69cbacbf, org.springframework.security.web.access.intercept.FilterSecurityInterceptor@567b1513]
2021-04-26 15:50:24.047  INFO 26904 --- [    Test worker] o.s.b.t.m.w.SpringBootMockServletContext : Initializing Spring TestDispatcherServlet ''
2021-04-26 15:50:24.047  INFO 26904 --- [    Test worker] o.s.t.web.servlet.TestDispatcherServlet  : Initializing Servlet ''
2021-04-26 15:50:24.058  INFO 26904 --- [    Test worker] o.s.t.web.servlet.TestDispatcherServlet  : Completed initialization in 11 ms
2021-04-26 15:50:24.081  INFO 26904 --- [    Test worker] c.t.api.springboot.HelloControllerTest   : Started HelloControllerTest in 0.795 seconds (JVM running for 6.726)
]]></system-out>
  <system-err><![CDATA[]]></system-err>
</testsuite>
