<?xml version="1.0" encoding="UTF-8"?>
<testsuite name="com.toy.api.springboot.domain.posts.PostsRepositoryTest" tests="2" skipped="0" failures="0" errors="0" timestamp="2021-04-08T06:38:05" hostname="DESKTOP-HT89HTC" time="0.034">
  <properties/>
  <testcase name="게시글저장_불러오기" classname="com.toy.api.springboot.domain.posts.PostsRepositoryTest" time="0.024"/>
  <testcase name="BaseTimeEntity_등록" classname="com.toy.api.springboot.domain.posts.PostsRepositoryTest" time="0.01"/>
  <system-out><![CDATA[2021-04-08 15:38:03.902  INFO 80120 --- [    Test worker] .b.t.c.SpringBootTestContextBootstrapper : Neither @ContextConfiguration nor @ContextHierarchy found for test class [com.toy.api.springboot.domain.posts.PostsRepositoryTest], using SpringBootContextLoader
2021-04-08 15:38:03.903  INFO 80120 --- [    Test worker] o.s.t.c.support.AbstractContextLoader    : Could not detect default resource locations for test class [com.toy.api.springboot.domain.posts.PostsRepositoryTest]: no resource found for suffixes {-context.xml, Context.groovy}.
2021-04-08 15:38:03.903  INFO 80120 --- [    Test worker] t.c.s.AnnotationConfigContextLoaderUtils : Could not detect default configuration classes for test class [com.toy.api.springboot.domain.posts.PostsRepositoryTest]: PostsRepositoryTest does not declare any static, non-private, non-final, nested classes annotated with @Configuration.
2021-04-08 15:38:03.914  INFO 80120 --- [    Test worker] .b.t.c.SpringBootTestContextBootstrapper : Found @SpringBootConfiguration com.toy.api.springboot.Application for test class com.toy.api.springboot.domain.posts.PostsRepositoryTest
2021-04-08 15:38:03.916  INFO 80120 --- [    Test worker] .b.t.c.SpringBootTestContextBootstrapper : Loaded default TestExecutionListener class names from location [META-INF/spring.factories]: [org.springframework.security.test.context.support.WithSecurityContextTestExecutionListener, org.springframework.security.test.context.support.ReactorContextTestExecutionListener, org.springframework.boot.test.autoconfigure.restdocs.RestDocsTestExecutionListener, org.springframework.boot.test.autoconfigure.web.client.MockRestServiceServerResetTestExecutionListener, org.springframework.boot.test.autoconfigure.web.servlet.MockMvcPrintOnlyOnFailureTestExecutionListener, org.springframework.boot.test.autoconfigure.web.servlet.WebDriverTestExecutionListener, org.springframework.boot.test.mock.mockito.MockitoTestExecutionListener, org.springframework.boot.test.mock.mockito.ResetMocksTestExecutionListener, org.springframework.test.context.web.ServletTestExecutionListener, org.springframework.test.context.support.DirtiesContextBeforeModesTestExecutionListener, org.springframework.test.context.support.DependencyInjectionTestExecutionListener, org.springframework.test.context.support.DirtiesContextTestExecutionListener, org.springframework.test.context.transaction.TransactionalTestExecutionListener, org.springframework.test.context.jdbc.SqlScriptsTestExecutionListener]
2021-04-08 15:38:03.917  INFO 80120 --- [    Test worker] .b.t.c.SpringBootTestContextBootstrapper : Using TestExecutionListeners: [org.springframework.test.context.web.ServletTestExecutionListener@36612677, org.springframework.test.context.support.DirtiesContextBeforeModesTestExecutionListener@1b1d7ed8, org.springframework.boot.test.mock.mockito.MockitoTestExecutionListener@3a0a44b9, org.springframework.boot.test.autoconfigure.SpringBootDependencyInjectionTestExecutionListener@53e63047, org.springframework.test.context.support.DirtiesContextTestExecutionListener@6c0bf6d2, org.springframework.test.context.transaction.TransactionalTestExecutionListener@1c10be35, org.springframework.test.context.jdbc.SqlScriptsTestExecutionListener@74571e82, org.springframework.security.test.context.support.WithSecurityContextTestExecutionListener@16517c47, org.springframework.security.test.context.support.ReactorContextTestExecutionListener@255fa539, org.springframework.boot.test.autoconfigure.restdocs.RestDocsTestExecutionListener@3c2746b1, org.springframework.boot.test.autoconfigure.web.client.MockRestServiceServerResetTestExecutionListener@7048ecb9, org.springframework.boot.test.autoconfigure.web.servlet.MockMvcPrintOnlyOnFailureTestExecutionListener@6d6605b3, org.springframework.boot.test.autoconfigure.web.servlet.WebDriverTestExecutionListener@3548134b, org.springframework.boot.test.mock.mockito.ResetMocksTestExecutionListener@335cc99d]

  .   ____          _            __ _ _
 /\\ / ___'_ __ _ _(_)_ __  __ _ \ \ \ \
( ( )\___ | '_ | '_| | '_ \/ _` | \ \ \ \
 \\/  ___)| |_)| | | | | || (_| |  ) ) ) )
  '  |____| .__|_| |_|_| |_\__, | / / / /
 =========|_|==============|___/=/_/_/_/
 :: Spring Boot ::        (v2.1.7.RELEASE)

2021-04-08 15:38:03.953  INFO 80120 --- [    Test worker] c.t.a.s.d.posts.PostsRepositoryTest      : Starting PostsRepositoryTest on DESKTOP-HT89HTC with PID 80120 (started by YHM in C:\Users\YHM\IdeaProjects\springboot-toy-api)
2021-04-08 15:38:03.954  INFO 80120 --- [    Test worker] c.t.a.s.d.posts.PostsRepositoryTest      : The following profiles are active: oauth
2021-04-08 15:38:04.142  INFO 80120 --- [    Test worker] .s.d.r.c.RepositoryConfigurationDelegate : Bootstrapping Spring Data repositories in DEFAULT mode.
2021-04-08 15:38:04.167  INFO 80120 --- [    Test worker] .s.d.r.c.RepositoryConfigurationDelegate : Finished Spring Data repository scanning in 25ms. Found 2 repository interfaces.
2021-04-08 15:38:04.256  INFO 80120 --- [    Test worker] trationDelegate$BeanPostProcessorChecker : Bean 'org.springframework.transaction.annotation.ProxyTransactionManagementConfiguration' of type [org.springframework.transaction.annotation.ProxyTransactionManagementConfiguration$$EnhancerBySpringCGLIB$$43f7984a] is not eligible for getting processed by all BeanPostProcessors (for example: not eligible for auto-proxying)
2021-04-08 15:38:04.338  INFO 80120 --- [    Test worker] com.zaxxer.hikari.HikariDataSource       : HikariPool-2 - Starting...
2021-04-08 15:38:04.339  INFO 80120 --- [    Test worker] com.zaxxer.hikari.HikariDataSource       : HikariPool-2 - Start completed.
2021-04-08 15:38:04.361  INFO 80120 --- [    Test worker] o.hibernate.jpa.internal.util.LogHelper  : HHH000204: Processing PersistenceUnitInfo [
	name: default
	...]
2021-04-08 15:38:04.369  INFO 80120 --- [    Test worker] org.hibernate.dialect.Dialect            : HHH000400: Using dialect: org.hibernate.dialect.MySQL5Dialect
Hibernate: 
    
    drop table if exists posts
Hibernate: 
    
    drop table if exists user
Hibernate: 
    
    create table posts (
       id bigint not null auto_increment,
        created_date datetime,
        modified_date datetime,
        author varchar(255),
        content TEXT not null,
        title varchar(500) not null,
        primary key (id)
    ) engine=MyISAM
Hibernate: 
    
    create table user (
       id bigint not null auto_increment,
        created_date datetime,
        modified_date datetime,
        email varchar(255) not null,
        name varchar(255) not null,
        picture varchar(255),
        role varchar(255) not null,
        primary key (id)
    ) engine=MyISAM
2021-04-08 15:38:04.405  INFO 80120 --- [    Test worker] o.h.t.schema.internal.SchemaCreatorImpl  : HHH000476: Executing import script 'org.hibernate.tool.schema.internal.exec.ScriptSourceInputNonExistentImpl@2bd76a44'
2021-04-08 15:38:04.405  INFO 80120 --- [    Test worker] j.LocalContainerEntityManagerFactoryBean : Initialized JPA EntityManagerFactory for persistence unit 'default'
2021-04-08 15:38:04.542  INFO 80120 --- [    Test worker] o.h.h.i.QueryTranslatorFactoryInitiator  : HHH000397: Using ASTQueryTranslatorFactory
2021-04-08 15:38:04.666  INFO 80120 --- [    Test worker] o.s.s.web.DefaultSecurityFilterChain     : Creating filter chain: any request, [org.springframework.security.web.context.request.async.WebAsyncManagerIntegrationFilter@80129ac, org.springframework.security.web.context.SecurityContextPersistenceFilter@660d32c6, org.springframework.security.web.header.HeaderWriterFilter@3faa097, org.springframework.security.web.authentication.logout.LogoutFilter@570ea58f, org.springframework.security.oauth2.client.web.OAuth2AuthorizationRequestRedirectFilter@42424e9e, org.springframework.security.oauth2.client.web.OAuth2LoginAuthenticationFilter@1a280856, org.springframework.security.web.authentication.ui.DefaultLoginPageGeneratingFilter@581a3748, org.springframework.security.web.authentication.ui.DefaultLogoutPageGeneratingFilter@13a53fe4, org.springframework.security.web.savedrequest.RequestCacheAwareFilter@624db737, org.springframework.security.web.servletapi.SecurityContextHolderAwareRequestFilter@34e55df1, org.springframework.security.web.authentication.AnonymousAuthenticationFilter@4343a5b0, org.springframework.security.web.session.SessionManagementFilter@5ed2fda, org.springframework.security.web.access.ExceptionTranslationFilter@7d6f356d, org.springframework.security.web.access.intercept.FilterSecurityInterceptor@7a7c2860]
2021-04-08 15:38:04.897  INFO 80120 --- [    Test worker] o.s.s.concurrent.ThreadPoolTaskExecutor  : Initializing ExecutorService 'applicationTaskExecutor'
2021-04-08 15:38:04.907  WARN 80120 --- [    Test worker] aWebConfiguration$JpaWebMvcConfiguration : spring.jpa.open-in-view is enabled by default. Therefore, database queries may be performed during view rendering. Explicitly configure spring.jpa.open-in-view to disable this warning
2021-04-08 15:38:04.935  INFO 80120 --- [    Test worker] o.s.b.a.w.s.WelcomePageHandlerMapping    : Adding welcome page template: index
2021-04-08 15:38:05.251  INFO 80120 --- [    Test worker] s.a.ScheduledAnnotationBeanPostProcessor : No TaskScheduler/ScheduledExecutorService bean found for scheduled processing
2021-04-08 15:38:05.252  INFO 80120 --- [    Test worker] c.t.a.s.d.posts.PostsRepositoryTest      : Started PostsRepositoryTest in 1.334 seconds (JVM running for 8.623)
Hibernate: 
    /* insert com.toy.api.springboot.domain.posts.Posts
        */ insert 
        into
            posts
            (created_date, modified_date, author, content, title) 
        values
            (?, ?, ?, ?, ?)
2021-04-08 15:38:05.268 TRACE 80120 --- [    Test worker] o.h.type.descriptor.sql.BasicBinder      : binding parameter [1] as [TIMESTAMP] - [2021-04-08T15:38:05.267]
2021-04-08 15:38:05.268 TRACE 80120 --- [    Test worker] o.h.type.descriptor.sql.BasicBinder      : binding parameter [2] as [TIMESTAMP] - [2021-04-08T15:38:05.267]
2021-04-08 15:38:05.269 TRACE 80120 --- [    Test worker] o.h.type.descriptor.sql.BasicBinder      : binding parameter [3] as [VARCHAR] - [test@test.com]
2021-04-08 15:38:05.269 TRACE 80120 --- [    Test worker] o.h.type.descriptor.sql.BasicBinder      : binding parameter [4] as [VARCHAR] - [테스트 본문]
2021-04-08 15:38:05.269 TRACE 80120 --- [    Test worker] o.h.type.descriptor.sql.BasicBinder      : binding parameter [5] as [VARCHAR] - [테스트 게시글]
Hibernate: 
    /* select
        generatedAlias0 
    from
        Posts as generatedAlias0 */ select
            posts0_.id as id1_0_,
            posts0_.created_date as created_2_0_,
            posts0_.modified_date as modified3_0_,
            posts0_.author as author4_0_,
            posts0_.content as content5_0_,
            posts0_.title as title6_0_ 
        from
            posts posts0_
Hibernate: 
    /* select
        generatedAlias0 
    from
        Posts as generatedAlias0 */ select
            posts0_.id as id1_0_,
            posts0_.created_date as created_2_0_,
            posts0_.modified_date as modified3_0_,
            posts0_.author as author4_0_,
            posts0_.content as content5_0_,
            posts0_.title as title6_0_ 
        from
            posts posts0_
Hibernate: 
    /* delete com.toy.api.springboot.domain.posts.Posts */ delete 
        from
            posts 
        where
            id=?
2021-04-08 15:38:05.283 TRACE 80120 --- [    Test worker] o.h.type.descriptor.sql.BasicBinder      : binding parameter [1] as [BIGINT] - [1]
Hibernate: 
    /* insert com.toy.api.springboot.domain.posts.Posts
        */ insert 
        into
            posts
            (created_date, modified_date, author, content, title) 
        values
            (?, ?, ?, ?, ?)
2021-04-08 15:38:05.288 TRACE 80120 --- [    Test worker] o.h.type.descriptor.sql.BasicBinder      : binding parameter [1] as [TIMESTAMP] - [2021-04-08T15:38:05.287]
2021-04-08 15:38:05.288 TRACE 80120 --- [    Test worker] o.h.type.descriptor.sql.BasicBinder      : binding parameter [2] as [TIMESTAMP] - [2021-04-08T15:38:05.287]
2021-04-08 15:38:05.288 TRACE 80120 --- [    Test worker] o.h.type.descriptor.sql.BasicBinder      : binding parameter [3] as [VARCHAR] - [author]
2021-04-08 15:38:05.288 TRACE 80120 --- [    Test worker] o.h.type.descriptor.sql.BasicBinder      : binding parameter [4] as [VARCHAR] - [content]
2021-04-08 15:38:05.288 TRACE 80120 --- [    Test worker] o.h.type.descriptor.sql.BasicBinder      : binding parameter [5] as [VARCHAR] - [title]
Hibernate: 
    /* select
        generatedAlias0 
    from
        Posts as generatedAlias0 */ select
            posts0_.id as id1_0_,
            posts0_.created_date as created_2_0_,
            posts0_.modified_date as modified3_0_,
            posts0_.author as author4_0_,
            posts0_.content as content5_0_,
            posts0_.title as title6_0_ 
        from
            posts posts0_
>>>>>>>>>> createDate = 2021-04-08T15:38:05.287, modifiedDate = 2021-04-08T15:38:05.287
Hibernate: 
    /* select
        generatedAlias0 
    from
        Posts as generatedAlias0 */ select
            posts0_.id as id1_0_,
            posts0_.created_date as created_2_0_,
            posts0_.modified_date as modified3_0_,
            posts0_.author as author4_0_,
            posts0_.content as content5_0_,
            posts0_.title as title6_0_ 
        from
            posts posts0_
Hibernate: 
    /* delete com.toy.api.springboot.domain.posts.Posts */ delete 
        from
            posts 
        where
            id=?
2021-04-08 15:38:05.293 TRACE 80120 --- [    Test worker] o.h.type.descriptor.sql.BasicBinder      : binding parameter [1] as [BIGINT] - [2]
]]></system-out>
  <system-err><![CDATA[]]></system-err>
</testsuite>
