<?xml version="1.0" encoding="UTF-8"?>
<testsuite name="com.toy.api.springboot.web.PostsApiControllerTest" tests="2" skipped="0" failures="0" errors="0" timestamp="2021-04-09T06:57:07" hostname="DESKTOP-HT89HTC" time="0.077">
  <properties/>
  <testcase name="Posts_등록된다" classname="com.toy.api.springboot.web.PostsApiControllerTest" time="0.053"/>
  <testcase name="Posts_수정된다" classname="com.toy.api.springboot.web.PostsApiControllerTest" time="0.023"/>
  <system-out><![CDATA[2021-04-09 15:57:07.717  INFO 79360 --- [    Test worker] .b.t.c.SpringBootTestContextBootstrapper : Neither @ContextConfiguration nor @ContextHierarchy found for test class [com.toy.api.springboot.web.PostsApiControllerTest], using SpringBootContextLoader
2021-04-09 15:57:07.718  INFO 79360 --- [    Test worker] o.s.t.c.support.AbstractContextLoader    : Could not detect default resource locations for test class [com.toy.api.springboot.web.PostsApiControllerTest]: no resource found for suffixes {-context.xml, Context.groovy}.
2021-04-09 15:57:07.718  INFO 79360 --- [    Test worker] t.c.s.AnnotationConfigContextLoaderUtils : Could not detect default configuration classes for test class [com.toy.api.springboot.web.PostsApiControllerTest]: PostsApiControllerTest does not declare any static, non-private, non-final, nested classes annotated with @Configuration.
2021-04-09 15:57:07.719  INFO 79360 --- [    Test worker] .b.t.c.SpringBootTestContextBootstrapper : Found @SpringBootConfiguration com.toy.api.springboot.Application for test class com.toy.api.springboot.web.PostsApiControllerTest
2021-04-09 15:57:07.720  INFO 79360 --- [    Test worker] .b.t.c.SpringBootTestContextBootstrapper : Loaded default TestExecutionListener class names from location [META-INF/spring.factories]: [org.springframework.security.test.context.support.WithSecurityContextTestExecutionListener, org.springframework.security.test.context.support.ReactorContextTestExecutionListener, org.springframework.boot.test.autoconfigure.restdocs.RestDocsTestExecutionListener, org.springframework.boot.test.autoconfigure.web.client.MockRestServiceServerResetTestExecutionListener, org.springframework.boot.test.autoconfigure.web.servlet.MockMvcPrintOnlyOnFailureTestExecutionListener, org.springframework.boot.test.autoconfigure.web.servlet.WebDriverTestExecutionListener, org.springframework.boot.test.mock.mockito.MockitoTestExecutionListener, org.springframework.boot.test.mock.mockito.ResetMocksTestExecutionListener, org.springframework.test.context.web.ServletTestExecutionListener, org.springframework.test.context.support.DirtiesContextBeforeModesTestExecutionListener, org.springframework.test.context.support.DependencyInjectionTestExecutionListener, org.springframework.test.context.support.DirtiesContextTestExecutionListener, org.springframework.test.context.transaction.TransactionalTestExecutionListener, org.springframework.test.context.jdbc.SqlScriptsTestExecutionListener]
2021-04-09 15:57:07.721  INFO 79360 --- [    Test worker] .b.t.c.SpringBootTestContextBootstrapper : Using TestExecutionListeners: [org.springframework.test.context.web.ServletTestExecutionListener@496eae84, org.springframework.test.context.support.DirtiesContextBeforeModesTestExecutionListener@296e6e0, org.springframework.boot.test.mock.mockito.MockitoTestExecutionListener@75b13b24, org.springframework.boot.test.autoconfigure.SpringBootDependencyInjectionTestExecutionListener@7d00ca56, org.springframework.test.context.support.DirtiesContextTestExecutionListener@41a641fc, org.springframework.test.context.transaction.TransactionalTestExecutionListener@74320ece, org.springframework.test.context.jdbc.SqlScriptsTestExecutionListener@8a67377, org.springframework.security.test.context.support.WithSecurityContextTestExecutionListener@730f4a4f, org.springframework.security.test.context.support.ReactorContextTestExecutionListener@d54c73, org.springframework.boot.test.autoconfigure.restdocs.RestDocsTestExecutionListener@647576d9, org.springframework.boot.test.autoconfigure.web.client.MockRestServiceServerResetTestExecutionListener@5ff39ceb, org.springframework.boot.test.autoconfigure.web.servlet.MockMvcPrintOnlyOnFailureTestExecutionListener@56a7f868, org.springframework.boot.test.autoconfigure.web.servlet.WebDriverTestExecutionListener@7cbb901b, org.springframework.boot.test.mock.mockito.ResetMocksTestExecutionListener@3337f2eb]
2021-04-09 15:57:07.728  INFO 79360 --- [    Test worker] o.a.c.c.C.[Tomcat].[localhost].[/]       : Initializing Spring TestDispatcherServlet ''
2021-04-09 15:57:07.728  INFO 79360 --- [    Test worker] o.s.t.web.servlet.TestDispatcherServlet  : Initializing Servlet ''
2021-04-09 15:57:07.730  INFO 79360 --- [    Test worker] o.s.t.web.servlet.TestDispatcherServlet  : Completed initialization in 2 ms
Hibernate: 
    /* insert com.toy.api.springboot.domain.posts.Posts
        */ insert 
        into
            posts
            (created_date, modified_date, author, content, title) 
        values
            (?, ?, ?, ?, ?)
2021-04-09 15:57:07.768 TRACE 79360 --- [    Test worker] o.h.type.descriptor.sql.BasicBinder      : binding parameter [1] as [TIMESTAMP] - [2021-04-09T15:57:07.767]
2021-04-09 15:57:07.768 TRACE 79360 --- [    Test worker] o.h.type.descriptor.sql.BasicBinder      : binding parameter [2] as [TIMESTAMP] - [2021-04-09T15:57:07.767]
2021-04-09 15:57:07.768 TRACE 79360 --- [    Test worker] o.h.type.descriptor.sql.BasicBinder      : binding parameter [3] as [VARCHAR] - [author]
2021-04-09 15:57:07.768 TRACE 79360 --- [    Test worker] o.h.type.descriptor.sql.BasicBinder      : binding parameter [4] as [VARCHAR] - [content]
2021-04-09 15:57:07.768 TRACE 79360 --- [    Test worker] o.h.type.descriptor.sql.BasicBinder      : binding parameter [5] as [VARCHAR] - [title]
Hibernate: 
    /* select
        generatedAlias0 
    from
        Posts as generatedAlias0 */ select
            posts0_.id as id1_0_,
            posts0_.created_date as created_2_0_,
            posts0_.modified_date as modified3_0_,
            posts0_.author as author4_0_,
            posts0_.content as content5_0_,
            posts0_.title as title6_0_ 
        from
            posts posts0_
Hibernate: 
    /* select
        generatedAlias0 
    from
        Posts as generatedAlias0 */ select
            posts0_.id as id1_0_,
            posts0_.created_date as created_2_0_,
            posts0_.modified_date as modified3_0_,
            posts0_.author as author4_0_,
            posts0_.content as content5_0_,
            posts0_.title as title6_0_ 
        from
            posts posts0_
Hibernate: 
    /* delete com.toy.api.springboot.domain.posts.Posts */ delete 
        from
            posts 
        where
            id=?
2021-04-09 15:57:07.775 TRACE 79360 --- [    Test worker] o.h.type.descriptor.sql.BasicBinder      : binding parameter [1] as [BIGINT] - [1]
2021-04-09 15:57:07.779  INFO 79360 --- [    Test worker] o.a.c.c.C.[Tomcat].[localhost].[/]       : Initializing Spring TestDispatcherServlet ''
2021-04-09 15:57:07.779  INFO 79360 --- [    Test worker] o.s.t.web.servlet.TestDispatcherServlet  : Initializing Servlet ''
2021-04-09 15:57:07.780  INFO 79360 --- [    Test worker] o.s.t.web.servlet.TestDispatcherServlet  : Completed initialization in 1 ms
Hibernate: 
    /* insert com.toy.api.springboot.domain.posts.Posts
        */ insert 
        into
            posts
            (created_date, modified_date, author, content, title) 
        values
            (?, ?, ?, ?, ?)
2021-04-09 15:57:07.782 TRACE 79360 --- [    Test worker] o.h.type.descriptor.sql.BasicBinder      : binding parameter [1] as [TIMESTAMP] - [2021-04-09T15:57:07.781]
2021-04-09 15:57:07.782 TRACE 79360 --- [    Test worker] o.h.type.descriptor.sql.BasicBinder      : binding parameter [2] as [TIMESTAMP] - [2021-04-09T15:57:07.781]
2021-04-09 15:57:07.782 TRACE 79360 --- [    Test worker] o.h.type.descriptor.sql.BasicBinder      : binding parameter [3] as [VARCHAR] - [author]
2021-04-09 15:57:07.782 TRACE 79360 --- [    Test worker] o.h.type.descriptor.sql.BasicBinder      : binding parameter [4] as [VARCHAR] - [content]
2021-04-09 15:57:07.782 TRACE 79360 --- [    Test worker] o.h.type.descriptor.sql.BasicBinder      : binding parameter [5] as [VARCHAR] - [title]
Hibernate: 
    select
        posts0_.id as id1_0_0_,
        posts0_.created_date as created_2_0_0_,
        posts0_.modified_date as modified3_0_0_,
        posts0_.author as author4_0_0_,
        posts0_.content as content5_0_0_,
        posts0_.title as title6_0_0_ 
    from
        posts posts0_ 
    where
        posts0_.id=?
2021-04-09 15:57:07.789 TRACE 79360 --- [    Test worker] o.h.type.descriptor.sql.BasicBinder      : binding parameter [1] as [BIGINT] - [2]
Hibernate: 
    /* update
        com.toy.api.springboot.domain.posts.Posts */ update
            posts 
        set
            created_date=?,
            modified_date=?,
            author=?,
            content=?,
            title=? 
        where
            id=?
2021-04-09 15:57:07.794 TRACE 79360 --- [    Test worker] o.h.type.descriptor.sql.BasicBinder      : binding parameter [1] as [TIMESTAMP] - [2021-04-09T15:57:07.781]
2021-04-09 15:57:07.795 TRACE 79360 --- [    Test worker] o.h.type.descriptor.sql.BasicBinder      : binding parameter [2] as [TIMESTAMP] - [2021-04-09T15:57:07.793]
2021-04-09 15:57:07.795 TRACE 79360 --- [    Test worker] o.h.type.descriptor.sql.BasicBinder      : binding parameter [3] as [VARCHAR] - [author]
2021-04-09 15:57:07.795 TRACE 79360 --- [    Test worker] o.h.type.descriptor.sql.BasicBinder      : binding parameter [4] as [VARCHAR] - [content2]
2021-04-09 15:57:07.795 TRACE 79360 --- [    Test worker] o.h.type.descriptor.sql.BasicBinder      : binding parameter [5] as [VARCHAR] - [title2]
2021-04-09 15:57:07.795 TRACE 79360 --- [    Test worker] o.h.type.descriptor.sql.BasicBinder      : binding parameter [6] as [BIGINT] - [2]
Hibernate: 
    /* select
        generatedAlias0 
    from
        Posts as generatedAlias0 */ select
            posts0_.id as id1_0_,
            posts0_.created_date as created_2_0_,
            posts0_.modified_date as modified3_0_,
            posts0_.author as author4_0_,
            posts0_.content as content5_0_,
            posts0_.title as title6_0_ 
        from
            posts posts0_
Hibernate: 
    /* select
        generatedAlias0 
    from
        Posts as generatedAlias0 */ select
            posts0_.id as id1_0_,
            posts0_.created_date as created_2_0_,
            posts0_.modified_date as modified3_0_,
            posts0_.author as author4_0_,
            posts0_.content as content5_0_,
            posts0_.title as title6_0_ 
        from
            posts posts0_
Hibernate: 
    /* delete com.toy.api.springboot.domain.posts.Posts */ delete 
        from
            posts 
        where
            id=?
2021-04-09 15:57:07.799 TRACE 79360 --- [    Test worker] o.h.type.descriptor.sql.BasicBinder      : binding parameter [1] as [BIGINT] - [2]
]]></system-out>
  <system-err><![CDATA[]]></system-err>
</testsuite>
