<?xml version="1.0" encoding="UTF-8"?>
<testsuite name="com.toy.api.springboot.HelloControllerTest" tests="2" skipped="0" failures="0" errors="0" timestamp="2021-04-09T06:57:05" hostname="DESKTOP-HT89HTC" time="0.123">
  <properties/>
  <testcase name="hello가_리턴된다" classname="com.toy.api.springboot.HelloControllerTest" time="0.056"/>
  <testcase name="helloDto가_리턴된다" classname="com.toy.api.springboot.HelloControllerTest" time="0.067"/>
  <system-out><![CDATA[2021-04-09 15:57:04.806  INFO 79360 --- [    Test worker] .b.t.a.w.s.WebMvcTestContextBootstrapper : Neither @ContextConfiguration nor @ContextHierarchy found for test class [com.toy.api.springboot.HelloControllerTest], using SpringBootContextLoader
2021-04-09 15:57:04.807  INFO 79360 --- [    Test worker] o.s.t.c.support.AbstractContextLoader    : Could not detect default resource locations for test class [com.toy.api.springboot.HelloControllerTest]: no resource found for suffixes {-context.xml, Context.groovy}.
2021-04-09 15:57:04.807  INFO 79360 --- [    Test worker] t.c.s.AnnotationConfigContextLoaderUtils : Could not detect default configuration classes for test class [com.toy.api.springboot.HelloControllerTest]: HelloControllerTest does not declare any static, non-private, non-final, nested classes annotated with @Configuration.
2021-04-09 15:57:04.823  INFO 79360 --- [    Test worker] .b.t.c.SpringBootTestContextBootstrapper : Found @SpringBootConfiguration com.toy.api.springboot.Application for test class com.toy.api.springboot.HelloControllerTest
2021-04-09 15:57:04.824  INFO 79360 --- [    Test worker] .b.t.a.w.s.WebMvcTestContextBootstrapper : Loaded default TestExecutionListener class names from location [META-INF/spring.factories]: [org.springframework.security.test.context.support.WithSecurityContextTestExecutionListener, org.springframework.security.test.context.support.ReactorContextTestExecutionListener, org.springframework.boot.test.autoconfigure.restdocs.RestDocsTestExecutionListener, org.springframework.boot.test.autoconfigure.web.client.MockRestServiceServerResetTestExecutionListener, org.springframework.boot.test.autoconfigure.web.servlet.MockMvcPrintOnlyOnFailureTestExecutionListener, org.springframework.boot.test.autoconfigure.web.servlet.WebDriverTestExecutionListener, org.springframework.boot.test.mock.mockito.MockitoTestExecutionListener, org.springframework.boot.test.mock.mockito.ResetMocksTestExecutionListener, org.springframework.test.context.web.ServletTestExecutionListener, org.springframework.test.context.support.DirtiesContextBeforeModesTestExecutionListener, org.springframework.test.context.support.DependencyInjectionTestExecutionListener, org.springframework.test.context.support.DirtiesContextTestExecutionListener, org.springframework.test.context.transaction.TransactionalTestExecutionListener, org.springframework.test.context.jdbc.SqlScriptsTestExecutionListener]
2021-04-09 15:57:04.825  INFO 79360 --- [    Test worker] .b.t.a.w.s.WebMvcTestContextBootstrapper : Using TestExecutionListeners: [org.springframework.test.context.web.ServletTestExecutionListener@61ccd9a1, org.springframework.test.context.support.DirtiesContextBeforeModesTestExecutionListener@47dc324c, org.springframework.boot.test.mock.mockito.MockitoTestExecutionListener@13bac095, org.springframework.boot.test.autoconfigure.SpringBootDependencyInjectionTestExecutionListener@11cd32ae, org.springframework.test.context.support.DirtiesContextTestExecutionListener@16cbf0e7, org.springframework.test.context.transaction.TransactionalTestExecutionListener@3023fe20, org.springframework.test.context.jdbc.SqlScriptsTestExecutionListener@75d82ed9, org.springframework.security.test.context.support.WithSecurityContextTestExecutionListener@d783a8e, org.springframework.security.test.context.support.ReactorContextTestExecutionListener@44fdaf0e, org.springframework.boot.test.autoconfigure.restdocs.RestDocsTestExecutionListener@6b008b4f, org.springframework.boot.test.autoconfigure.web.client.MockRestServiceServerResetTestExecutionListener@5f1ace10, org.springframework.boot.test.autoconfigure.web.servlet.MockMvcPrintOnlyOnFailureTestExecutionListener@13fa3337, org.springframework.boot.test.autoconfigure.web.servlet.WebDriverTestExecutionListener@3ad67b99, org.springframework.boot.test.mock.mockito.ResetMocksTestExecutionListener@55e3d57f]

  .   ____          _            __ _ _
 /\\ / ___'_ __ _ _(_)_ __  __ _ \ \ \ \
( ( )\___ | '_ | '_| | '_ \/ _` | \ \ \ \
 \\/  ___)| |_)| | | | | || (_| |  ) ) ) )
  '  |____| .__|_| |_|_| |_\__, | / / / /
 =========|_|==============|___/=/_/_/_/
 :: Spring Boot ::        (v2.1.7.RELEASE)

2021-04-09 15:57:04.863  INFO 79360 --- [    Test worker] c.t.api.springboot.HelloControllerTest   : Starting HelloControllerTest on DESKTOP-HT89HTC with PID 79360 (started by YHM in C:\Users\YHM\IdeaProjects\springboot-toy-api)
2021-04-09 15:57:04.863  INFO 79360 --- [    Test worker] c.t.api.springboot.HelloControllerTest   : The following profiles are active: oauth
2021-04-09 15:57:05.344  INFO 79360 --- [    Test worker] o.s.s.concurrent.ThreadPoolTaskExecutor  : Initializing ExecutorService 'applicationTaskExecutor'
2021-04-09 15:57:05.369  INFO 79360 --- [    Test worker] o.s.b.a.w.s.WelcomePageHandlerMapping    : Adding welcome page template: index
2021-04-09 15:57:05.537  INFO 79360 --- [    Test worker] .s.s.UserDetailsServiceAutoConfiguration : 

Using generated security password: d00b3c97-5d2a-4bd4-8282-2247a3249018

2021-04-09 15:57:05.654  INFO 79360 --- [    Test worker] o.s.s.web.DefaultSecurityFilterChain     : Creating filter chain: any request, [org.springframework.security.web.context.request.async.WebAsyncManagerIntegrationFilter@32ad696a, org.springframework.security.web.context.SecurityContextPersistenceFilter@4264cea5, org.springframework.security.web.header.HeaderWriterFilter@21e1ce10, org.springframework.security.web.csrf.CsrfFilter@2bc438c9, org.springframework.security.web.authentication.logout.LogoutFilter@62941344, org.springframework.security.web.authentication.UsernamePasswordAuthenticationFilter@5dc001cc, org.springframework.security.web.authentication.ui.DefaultLoginPageGeneratingFilter@5fea95fe, org.springframework.security.web.authentication.ui.DefaultLogoutPageGeneratingFilter@5344e717, org.springframework.security.web.authentication.www.BasicAuthenticationFilter@721a7a74, org.springframework.security.web.savedrequest.RequestCacheAwareFilter@161f72d2, org.springframework.security.web.servletapi.SecurityContextHolderAwareRequestFilter@39a1af4f, org.springframework.security.web.authentication.AnonymousAuthenticationFilter@72aceed1, org.springframework.security.web.session.SessionManagementFilter@2be9b895, org.springframework.security.web.access.ExceptionTranslationFilter@60f68b30, org.springframework.security.web.access.intercept.FilterSecurityInterceptor@655e7cbd]
2021-04-09 15:57:05.682  INFO 79360 --- [    Test worker] o.s.b.t.m.w.SpringBootMockServletContext : Initializing Spring TestDispatcherServlet ''
2021-04-09 15:57:05.682  INFO 79360 --- [    Test worker] o.s.t.web.servlet.TestDispatcherServlet  : Initializing Servlet ''
2021-04-09 15:57:05.692  INFO 79360 --- [    Test worker] o.s.t.web.servlet.TestDispatcherServlet  : Completed initialization in 10 ms
2021-04-09 15:57:05.712  INFO 79360 --- [    Test worker] c.t.api.springboot.HelloControllerTest   : Started HelloControllerTest in 0.886 seconds (JVM running for 6.925)
]]></system-out>
  <system-err><![CDATA[]]></system-err>
</testsuite>
